Build output check failed:
    Regex: 'command[- ]line option .* is valid for .* but not for C'
    Output line: 'cc1: warning: command line option ‘-Wnon-virtual-dtor’ is valid for C++/ObjC++ but not for C'
Compilation failed:
    source file: '/home/divan/stereo_lidar_recorder/include/build/CMakeFiles/CMakeTmp/src.c'
    check option: ' -fsigned-char -W -Wall -Wreturn-type  -Wnon-virtual-dtor'
===== BUILD LOG =====
Change Dir: /home/divan/stereo_lidar_recorder/include/build/CMakeFiles/CMakeTmp

Run Build Command(s):/usr/bin/make -f Makefile cmTC_af013/fast && /usr/bin/make  -f CMakeFiles/cmTC_af013.dir/build.make CMakeFiles/cmTC_af013.dir/build
make[1]: Entering directory '/home/divan/stereo_lidar_recorder/include/build/CMakeFiles/CMakeTmp'
Building C object CMakeFiles/cmTC_af013.dir/src.c.o
/usr/bin/cc   -O3 -DNDEBUG -fPIE    -fsigned-char -W -Wall -Wreturn-type  -Wnon-virtual-dtor -o CMakeFiles/cmTC_af013.dir/src.c.o -c /home/divan/stereo_lidar_recorder/include/build/CMakeFiles/CMakeTmp/src.c
cc1: warning: command line option ‘-Wnon-virtual-dtor’ is valid for C++/ObjC++ but not for C
/home/divan/stereo_lidar_recorder/include/build/CMakeFiles/CMakeTmp/src.c:1: warning: ignoring #pragma   [-Wunknown-pragmas]
    1 | #pragma
      | 
Linking C executable cmTC_af013
/usr/bin/cmake -E cmake_link_script CMakeFiles/cmTC_af013.dir/link.txt --verbose=1
/usr/bin/cc -O3 -DNDEBUG CMakeFiles/cmTC_af013.dir/src.c.o -o cmTC_af013 
make[1]: Leaving directory '/home/divan/stereo_lidar_recorder/include/build/CMakeFiles/CMakeTmp'


===== END =====

Build output check failed:
    Regex: 'command[- ]line option .* is valid for .* but not for C\+\+'
    Output line: 'cc1plus: warning: command line option ‘-Wmissing-prototypes’ is valid for C/ObjC but not for C++'
Compilation failed:
    source file: '/home/divan/stereo_lidar_recorder/include/build/CMakeFiles/CMakeTmp/src.cxx'
    check option: ' -fsigned-char -W -Wall -Wreturn-type -Wnon-virtual-dtor -Waddress -Wsequence-point -Wformat -Wformat-security -Wmissing-declarations  -Wmissing-prototypes'
===== BUILD LOG =====
Change Dir: /home/divan/stereo_lidar_recorder/include/build/CMakeFiles/CMakeTmp

Run Build Command(s):/usr/bin/make -f Makefile cmTC_6391f/fast && /usr/bin/make  -f CMakeFiles/cmTC_6391f.dir/build.make CMakeFiles/cmTC_6391f.dir/build
make[1]: Entering directory '/home/divan/stereo_lidar_recorder/include/build/CMakeFiles/CMakeTmp'
Building CXX object CMakeFiles/cmTC_6391f.dir/src.cxx.o
/usr/bin/c++   -O3 -DNDEBUG -fPIE    -fsigned-char -W -Wall -Wreturn-type -Wnon-virtual-dtor -Waddress -Wsequence-point -Wformat -Wformat-security -Wmissing-declarations  -Wmissing-prototypes -std=c++11 -o CMakeFiles/cmTC_6391f.dir/src.cxx.o -c /home/divan/stereo_lidar_recorder/include/build/CMakeFiles/CMakeTmp/src.cxx
cc1plus: warning: command line option ‘-Wmissing-prototypes’ is valid for C/ObjC but not for C++
/home/divan/stereo_lidar_recorder/include/build/CMakeFiles/CMakeTmp/src.cxx:1: warning: ignoring #pragma   [-Wunknown-pragmas]
    1 | #pragma
      | 
Linking CXX executable cmTC_6391f
/usr/bin/cmake -E cmake_link_script CMakeFiles/cmTC_6391f.dir/link.txt --verbose=1
/usr/bin/c++ -O3 -DNDEBUG CMakeFiles/cmTC_6391f.dir/src.cxx.o -o cmTC_6391f 
make[1]: Leaving directory '/home/divan/stereo_lidar_recorder/include/build/CMakeFiles/CMakeTmp'


===== END =====

Build output check failed:
    Regex: 'command[- ]line option .* is valid for .* but not for C\+\+'
    Output line: 'cc1plus: warning: command line option ‘-Wstrict-prototypes’ is valid for C/ObjC but not for C++'
Compilation failed:
    source file: '/home/divan/stereo_lidar_recorder/include/build/CMakeFiles/CMakeTmp/src.cxx'
    check option: ' -fsigned-char -W -Wall -Wreturn-type -Wnon-virtual-dtor -Waddress -Wsequence-point -Wformat -Wformat-security -Wmissing-declarations  -Wstrict-prototypes'
===== BUILD LOG =====
Change Dir: /home/divan/stereo_lidar_recorder/include/build/CMakeFiles/CMakeTmp

Run Build Command(s):/usr/bin/make -f Makefile cmTC_34a07/fast && /usr/bin/make  -f CMakeFiles/cmTC_34a07.dir/build.make CMakeFiles/cmTC_34a07.dir/build
make[1]: Entering directory '/home/divan/stereo_lidar_recorder/include/build/CMakeFiles/CMakeTmp'
Building CXX object CMakeFiles/cmTC_34a07.dir/src.cxx.o
/usr/bin/c++   -O3 -DNDEBUG -fPIE    -fsigned-char -W -Wall -Wreturn-type -Wnon-virtual-dtor -Waddress -Wsequence-point -Wformat -Wformat-security -Wmissing-declarations  -Wstrict-prototypes -std=c++11 -o CMakeFiles/cmTC_34a07.dir/src.cxx.o -c /home/divan/stereo_lidar_recorder/include/build/CMakeFiles/CMakeTmp/src.cxx
cc1plus: warning: command line option ‘-Wstrict-prototypes’ is valid for C/ObjC but not for C++
/home/divan/stereo_lidar_recorder/include/build/CMakeFiles/CMakeTmp/src.cxx:1: warning: ignoring #pragma   [-Wunknown-pragmas]
    1 | #pragma
      | 
Linking CXX executable cmTC_34a07
/usr/bin/cmake -E cmake_link_script CMakeFiles/cmTC_34a07.dir/link.txt --verbose=1
/usr/bin/c++ -O3 -DNDEBUG CMakeFiles/cmTC_34a07.dir/src.cxx.o -o cmTC_34a07 
make[1]: Leaving directory '/home/divan/stereo_lidar_recorder/include/build/CMakeFiles/CMakeTmp'


===== END =====

Build output check failed:
    Regex: 'command[- ]line option .* is valid for .* but not for C'
    Output line: 'cc1: warning: command line option ‘-Wsign-promo’ is valid for C++/ObjC++ but not for C'
Compilation failed:
    source file: '/home/divan/stereo_lidar_recorder/include/build/CMakeFiles/CMakeTmp/src.c'
    check option: ' -fsigned-char -W -Wall -Wreturn-type -Waddress -Wsequence-point -Wformat -Wformat-security -Wmissing-declarations -Wmissing-prototypes -Wstrict-prototypes -Wundef -Winit-self -Wpointer-arith -Wshadow  -Wsign-promo'
===== BUILD LOG =====
Change Dir: /home/divan/stereo_lidar_recorder/include/build/CMakeFiles/CMakeTmp

Run Build Command(s):/usr/bin/make -f Makefile cmTC_20328/fast && /usr/bin/make  -f CMakeFiles/cmTC_20328.dir/build.make CMakeFiles/cmTC_20328.dir/build
make[1]: Entering directory '/home/divan/stereo_lidar_recorder/include/build/CMakeFiles/CMakeTmp'
Building C object CMakeFiles/cmTC_20328.dir/src.c.o
/usr/bin/cc   -O3 -DNDEBUG -fPIE    -fsigned-char -W -Wall -Wreturn-type -Waddress -Wsequence-point -Wformat -Wformat-security -Wmissing-declarations -Wmissing-prototypes -Wstrict-prototypes -Wundef -Winit-self -Wpointer-arith -Wshadow  -Wsign-promo -o CMakeFiles/cmTC_20328.dir/src.c.o -c /home/divan/stereo_lidar_recorder/include/build/CMakeFiles/CMakeTmp/src.c
cc1: warning: command line option ‘-Wsign-promo’ is valid for C++/ObjC++ but not for C
/home/divan/stereo_lidar_recorder/include/build/CMakeFiles/CMakeTmp/src.c:1: warning: ignoring #pragma   [-Wunknown-pragmas]
    1 | #pragma
      | 
Linking C executable cmTC_20328
/usr/bin/cmake -E cmake_link_script CMakeFiles/cmTC_20328.dir/link.txt --verbose=1
/usr/bin/cc -O3 -DNDEBUG CMakeFiles/cmTC_20328.dir/src.c.o -o cmTC_20328 
make[1]: Leaving directory '/home/divan/stereo_lidar_recorder/include/build/CMakeFiles/CMakeTmp'


===== END =====

Build output check failed:
    Regex: 'command[- ]line option .* is valid for .* but not for C'
    Output line: 'cc1: warning: command line option ‘-Wsuggest-override’ is valid for C++/ObjC++ but not for C'
Compilation failed:
    source file: '/home/divan/stereo_lidar_recorder/include/build/CMakeFiles/CMakeTmp/src.c'
    check option: ' -fsigned-char -W -Wall -Wreturn-type -Waddress -Wsequence-point -Wformat -Wformat-security -Wmissing-declarations -Wmissing-prototypes -Wstrict-prototypes -Wundef -Winit-self -Wpointer-arith -Wshadow -Wuninitialized  -Wsuggest-override'
===== BUILD LOG =====
Change Dir: /home/divan/stereo_lidar_recorder/include/build/CMakeFiles/CMakeTmp

Run Build Command(s):/usr/bin/make -f Makefile cmTC_fdbe3/fast && /usr/bin/make  -f CMakeFiles/cmTC_fdbe3.dir/build.make CMakeFiles/cmTC_fdbe3.dir/build
make[1]: Entering directory '/home/divan/stereo_lidar_recorder/include/build/CMakeFiles/CMakeTmp'
Building C object CMakeFiles/cmTC_fdbe3.dir/src.c.o
/usr/bin/cc   -O3 -DNDEBUG -fPIE    -fsigned-char -W -Wall -Wreturn-type -Waddress -Wsequence-point -Wformat -Wformat-security -Wmissing-declarations -Wmissing-prototypes -Wstrict-prototypes -Wundef -Winit-self -Wpointer-arith -Wshadow -Wuninitialized  -Wsuggest-override -o CMakeFiles/cmTC_fdbe3.dir/src.c.o -c /home/divan/stereo_lidar_recorder/include/build/CMakeFiles/CMakeTmp/src.c
cc1: warning: command line option ‘-Wsuggest-override’ is valid for C++/ObjC++ but not for C
/home/divan/stereo_lidar_recorder/include/build/CMakeFiles/CMakeTmp/src.c:1: warning: ignoring #pragma   [-Wunknown-pragmas]
    1 | #pragma
      | 
Linking C executable cmTC_fdbe3
/usr/bin/cmake -E cmake_link_script CMakeFiles/cmTC_fdbe3.dir/link.txt --verbose=1
/usr/bin/cc -O3 -DNDEBUG CMakeFiles/cmTC_fdbe3.dir/src.c.o -o cmTC_fdbe3 
make[1]: Leaving directory '/home/divan/stereo_lidar_recorder/include/build/CMakeFiles/CMakeTmp'


===== END =====

Build output check failed:
    Regex: 'command[- ]line option .* is valid for .* but not for C'
    Output line: 'cc1: warning: command line option ‘-Wno-delete-non-virtual-dtor’ is valid for C++/ObjC++ but not for C'
Compilation failed:
    source file: '/home/divan/stereo_lidar_recorder/include/build/CMakeFiles/CMakeTmp/src.c'
    check option: ' -fsigned-char -W -Wall -Wreturn-type -Waddress -Wsequence-point -Wformat -Wformat-security -Wmissing-declarations -Wmissing-prototypes -Wstrict-prototypes -Wundef -Winit-self -Wpointer-arith -Wshadow -Wuninitialized  -Wno-delete-non-virtual-dtor'
===== BUILD LOG =====
Change Dir: /home/divan/stereo_lidar_recorder/include/build/CMakeFiles/CMakeTmp

Run Build Command(s):/usr/bin/make -f Makefile cmTC_d6244/fast && /usr/bin/make  -f CMakeFiles/cmTC_d6244.dir/build.make CMakeFiles/cmTC_d6244.dir/build
make[1]: Entering directory '/home/divan/stereo_lidar_recorder/include/build/CMakeFiles/CMakeTmp'
Building C object CMakeFiles/cmTC_d6244.dir/src.c.o
/usr/bin/cc   -O3 -DNDEBUG -fPIE    -fsigned-char -W -Wall -Wreturn-type -Waddress -Wsequence-point -Wformat -Wformat-security -Wmissing-declarations -Wmissing-prototypes -Wstrict-prototypes -Wundef -Winit-self -Wpointer-arith -Wshadow -Wuninitialized  -Wno-delete-non-virtual-dtor -o CMakeFiles/cmTC_d6244.dir/src.c.o -c /home/divan/stereo_lidar_recorder/include/build/CMakeFiles/CMakeTmp/src.c
cc1: warning: command line option ‘-Wno-delete-non-virtual-dtor’ is valid for C++/ObjC++ but not for C
/home/divan/stereo_lidar_recorder/include/build/CMakeFiles/CMakeTmp/src.c:1: warning: ignoring #pragma   [-Wunknown-pragmas]
    1 | #pragma
      | 
Linking C executable cmTC_d6244
/usr/bin/cmake -E cmake_link_script CMakeFiles/cmTC_d6244.dir/link.txt --verbose=1
/usr/bin/cc -O3 -DNDEBUG CMakeFiles/cmTC_d6244.dir/src.c.o -o cmTC_d6244 
make[1]: Leaving directory '/home/divan/stereo_lidar_recorder/include/build/CMakeFiles/CMakeTmp'


===== END =====

Build output check failed:
    Regex: 'unrecognized .*option'
    Output line: 'cc1plus: warning: unrecognized command line option ‘-Wno-unnamed-type-template-args’'
Compilation failed:
    source file: '/home/divan/stereo_lidar_recorder/include/build/CMakeFiles/CMakeTmp/src.cxx'
    check option: ' -fsigned-char -W -Wall -Wreturn-type -Wnon-virtual-dtor -Waddress -Wsequence-point -Wformat -Wformat-security -Wmissing-declarations -Wundef -Winit-self -Wpointer-arith -Wshadow -Wsign-promo -Wuninitialized -Wsuggest-override -Wno-delete-non-virtual-dtor  -Wno-unnamed-type-template-args'
===== BUILD LOG =====
Change Dir: /home/divan/stereo_lidar_recorder/include/build/CMakeFiles/CMakeTmp

Run Build Command(s):/usr/bin/make -f Makefile cmTC_cc96e/fast && /usr/bin/make  -f CMakeFiles/cmTC_cc96e.dir/build.make CMakeFiles/cmTC_cc96e.dir/build
make[1]: Entering directory '/home/divan/stereo_lidar_recorder/include/build/CMakeFiles/CMakeTmp'
Building CXX object CMakeFiles/cmTC_cc96e.dir/src.cxx.o
/usr/bin/c++   -O3 -DNDEBUG -fPIE    -fsigned-char -W -Wall -Wreturn-type -Wnon-virtual-dtor -Waddress -Wsequence-point -Wformat -Wformat-security -Wmissing-declarations -Wundef -Winit-self -Wpointer-arith -Wshadow -Wsign-promo -Wuninitialized -Wsuggest-override -Wno-delete-non-virtual-dtor  -Wno-unnamed-type-template-args -std=c++11 -o CMakeFiles/cmTC_cc96e.dir/src.cxx.o -c /home/divan/stereo_lidar_recorder/include/build/CMakeFiles/CMakeTmp/src.cxx
/home/divan/stereo_lidar_recorder/include/build/CMakeFiles/CMakeTmp/src.cxx:1: warning: ignoring #pragma   [-Wunknown-pragmas]
    1 | #pragma
      | 
cc1plus: warning: unrecognized command line option ‘-Wno-unnamed-type-template-args’
Linking CXX executable cmTC_cc96e
/usr/bin/cmake -E cmake_link_script CMakeFiles/cmTC_cc96e.dir/link.txt --verbose=1
/usr/bin/c++ -O3 -DNDEBUG CMakeFiles/cmTC_cc96e.dir/src.cxx.o -o cmTC_cc96e 
make[1]: Leaving directory '/home/divan/stereo_lidar_recorder/include/build/CMakeFiles/CMakeTmp'


===== END =====

Build output check failed:
    Regex: 'unrecognized .*option'
    Output line: 'cc1: warning: unrecognized command line option ‘-Wno-unnamed-type-template-args’'
Compilation failed:
    source file: '/home/divan/stereo_lidar_recorder/include/build/CMakeFiles/CMakeTmp/src.c'
    check option: ' -fsigned-char -W -Wall -Wreturn-type -Waddress -Wsequence-point -Wformat -Wformat-security -Wmissing-declarations -Wmissing-prototypes -Wstrict-prototypes -Wundef -Winit-self -Wpointer-arith -Wshadow -Wuninitialized  -Wno-unnamed-type-template-args'
===== BUILD LOG =====
Change Dir: /home/divan/stereo_lidar_recorder/include/build/CMakeFiles/CMakeTmp

Run Build Command(s):/usr/bin/make -f Makefile cmTC_5c139/fast && /usr/bin/make  -f CMakeFiles/cmTC_5c139.dir/build.make CMakeFiles/cmTC_5c139.dir/build
make[1]: Entering directory '/home/divan/stereo_lidar_recorder/include/build/CMakeFiles/CMakeTmp'
Building C object CMakeFiles/cmTC_5c139.dir/src.c.o
/usr/bin/cc   -O3 -DNDEBUG -fPIE    -fsigned-char -W -Wall -Wreturn-type -Waddress -Wsequence-point -Wformat -Wformat-security -Wmissing-declarations -Wmissing-prototypes -Wstrict-prototypes -Wundef -Winit-self -Wpointer-arith -Wshadow -Wuninitialized  -Wno-unnamed-type-template-args -o CMakeFiles/cmTC_5c139.dir/src.c.o -c /home/divan/stereo_lidar_recorder/include/build/CMakeFiles/CMakeTmp/src.c
/home/divan/stereo_lidar_recorder/include/build/CMakeFiles/CMakeTmp/src.c:1: warning: ignoring #pragma   [-Wunknown-pragmas]
    1 | #pragma
      | 
cc1: warning: unrecognized command line option ‘-Wno-unnamed-type-template-args’
Linking C executable cmTC_5c139
/usr/bin/cmake -E cmake_link_script CMakeFiles/cmTC_5c139.dir/link.txt --verbose=1
/usr/bin/cc -O3 -DNDEBUG CMakeFiles/cmTC_5c139.dir/src.c.o -o cmTC_5c139 
make[1]: Leaving directory '/home/divan/stereo_lidar_recorder/include/build/CMakeFiles/CMakeTmp'


===== END =====

Compilation failed:
    source file: '/home/divan/stereo_lidar_recorder/include/opencv/cmake/checks/cpu_sse3.cpp'
    check option: ''
===== BUILD LOG =====
Change Dir: /home/divan/stereo_lidar_recorder/include/build/CMakeFiles/CMakeTmp

Run Build Command(s):/usr/bin/make -f Makefile cmTC_5b8ff/fast && /usr/bin/make  -f CMakeFiles/cmTC_5b8ff.dir/build.make CMakeFiles/cmTC_5b8ff.dir/build
make[1]: Entering directory '/home/divan/stereo_lidar_recorder/include/build/CMakeFiles/CMakeTmp'
Building CXX object CMakeFiles/cmTC_5b8ff.dir/cpu_sse3.cpp.o
/usr/bin/c++   -O3 -DNDEBUG -fPIE -std=c++11 -o CMakeFiles/cmTC_5b8ff.dir/cpu_sse3.cpp.o -c /home/divan/stereo_lidar_recorder/include/opencv/cmake/checks/cpu_sse3.cpp
In file included from /home/divan/stereo_lidar_recorder/include/opencv/cmake/checks/cpu_sse3.cpp:1:
/usr/lib/gcc/x86_64-linux-gnu/9/include/pmmintrin.h: In function ‘int main()’:
/usr/lib/gcc/x86_64-linux-gnu/9/include/pmmintrin.h:74:1: error: inlining failed in call to always_inline ‘__m128 _mm_moveldup_ps(__m128)’: target specific option mismatch
   74 | _mm_moveldup_ps (__m128 __X)
      | ^~~~~~~~~~~~~~~
/home/divan/stereo_lidar_recorder/include/opencv/cmake/checks/cpu_sse3.cpp:5:24: note: called from here
    5 |     v = _mm_moveldup_ps(u); // SSE3
      |         ~~~~~~~~~~~~~~~^~~
In file included from /home/divan/stereo_lidar_recorder/include/opencv/cmake/checks/cpu_sse3.cpp:1:
/usr/lib/gcc/x86_64-linux-gnu/9/include/pmmintrin.h:74:1: error: inlining failed in call to always_inline ‘__m128 _mm_moveldup_ps(__m128)’: target specific option mismatch
   74 | _mm_moveldup_ps (__m128 __X)
      | ^~~~~~~~~~~~~~~
/home/divan/stereo_lidar_recorder/include/opencv/cmake/checks/cpu_sse3.cpp:5:24: note: called from here
    5 |     v = _mm_moveldup_ps(u); // SSE3
      |         ~~~~~~~~~~~~~~~^~~
make[1]: *** [CMakeFiles/cmTC_5b8ff.dir/build.make:78: CMakeFiles/cmTC_5b8ff.dir/cpu_sse3.cpp.o] Error 1
make[1]: Leaving directory '/home/divan/stereo_lidar_recorder/include/build/CMakeFiles/CMakeTmp'
make: *** [Makefile:127: cmTC_5b8ff/fast] Error 2


===== END =====

Build output check failed:
    Regex: 'command[- ]line option .* is valid for .* but not for C'
    Output line: 'cc1: warning: command line option ‘-fvisibility-inlines-hidden’ is valid for C++/ObjC++ but not for C'
Compilation failed:
    source file: '/home/divan/stereo_lidar_recorder/include/build/CMakeFiles/CMakeTmp/src.c'
    check option: ' -fsigned-char -W -Wall -Wreturn-type -Waddress -Wsequence-point -Wformat -Wformat-security -Wmissing-declarations -Wmissing-prototypes -Wstrict-prototypes -Wundef -Winit-self -Wpointer-arith -Wshadow -Wuninitialized -Wno-comment -Wimplicit-fallthrough=3 -Wno-strict-overflow -fdiagnostics-show-option -Wno-long-long -pthread -fomit-frame-pointer -ffunction-sections -fdata-sections  -msse3 -fvisibility=hidden  -fvisibility-inlines-hidden'
===== BUILD LOG =====
Change Dir: /home/divan/stereo_lidar_recorder/include/build/CMakeFiles/CMakeTmp

Run Build Command(s):/usr/bin/make -f Makefile cmTC_b3b75/fast && /usr/bin/make  -f CMakeFiles/cmTC_b3b75.dir/build.make CMakeFiles/cmTC_b3b75.dir/build
make[1]: Entering directory '/home/divan/stereo_lidar_recorder/include/build/CMakeFiles/CMakeTmp'
Building C object CMakeFiles/cmTC_b3b75.dir/src.c.o
/usr/bin/cc   -O3 -DNDEBUG -fPIE    -fsigned-char -W -Wall -Wreturn-type -Waddress -Wsequence-point -Wformat -Wformat-security -Wmissing-declarations -Wmissing-prototypes -Wstrict-prototypes -Wundef -Winit-self -Wpointer-arith -Wshadow -Wuninitialized -Wno-comment -Wimplicit-fallthrough=3 -Wno-strict-overflow -fdiagnostics-show-option -Wno-long-long -pthread -fomit-frame-pointer -ffunction-sections -fdata-sections  -msse3 -fvisibility=hidden  -fvisibility-inlines-hidden -o CMakeFiles/cmTC_b3b75.dir/src.c.o -c /home/divan/stereo_lidar_recorder/include/build/CMakeFiles/CMakeTmp/src.c
cc1: warning: command line option ‘-fvisibility-inlines-hidden’ is valid for C++/ObjC++ but not for C
/home/divan/stereo_lidar_recorder/include/build/CMakeFiles/CMakeTmp/src.c:1: warning: ignoring #pragma   [-Wunknown-pragmas]
    1 | #pragma
      | 
Linking C executable cmTC_b3b75
/usr/bin/cmake -E cmake_link_script CMakeFiles/cmTC_b3b75.dir/link.txt --verbose=1
/usr/bin/cc -O3 -DNDEBUG CMakeFiles/cmTC_b3b75.dir/src.c.o -o cmTC_b3b75 
make[1]: Leaving directory '/home/divan/stereo_lidar_recorder/include/build/CMakeFiles/CMakeTmp'


===== END =====

Determining if the function sgemm_ exists failed with the following output:
Change Dir: /home/divan/stereo_lidar_recorder/include/build/CMakeFiles/CMakeScratch/TryCompile-gQlKZp

Run Build Command(s):/usr/bin/make -f Makefile cmTC_90ddd/fast && /usr/bin/make  -f CMakeFiles/cmTC_90ddd.dir/build.make CMakeFiles/cmTC_90ddd.dir/build
make[1]: Entering directory '/home/divan/stereo_lidar_recorder/include/build/CMakeFiles/CMakeScratch/TryCompile-gQlKZp'
Building C object CMakeFiles/cmTC_90ddd.dir/CheckFunctionExists.c.o
/usr/bin/cc   -fsigned-char -W -Wall -Wreturn-type -Waddress -Wsequence-point -Wformat -Wformat-security -Wmissing-declarations -Wmissing-prototypes -Wstrict-prototypes -Wundef -Winit-self -Wpointer-arith -Wshadow -Wuninitialized -Wno-comment -Wimplicit-fallthrough=3 -Wno-strict-overflow -fdiagnostics-show-option -Wno-long-long -pthread -fomit-frame-pointer -ffunction-sections -fdata-sections  -msse3 -fvisibility=hidden -DCHECK_FUNCTION_EXISTS=sgemm_ -O3 -DNDEBUG  -DNDEBUG -fPIE -o CMakeFiles/cmTC_90ddd.dir/CheckFunctionExists.c.o -c /home/divan/stereo_lidar_recorder/include/build/CMakeFiles/CMakeScratch/TryCompile-gQlKZp/CheckFunctionExists.c
Linking C executable cmTC_90ddd
/usr/bin/cmake -E cmake_link_script CMakeFiles/cmTC_90ddd.dir/link.txt --verbose=1
/usr/bin/cc    -fsigned-char -W -Wall -Wreturn-type -Waddress -Wsequence-point -Wformat -Wformat-security -Wmissing-declarations -Wmissing-prototypes -Wstrict-prototypes -Wundef -Winit-self -Wpointer-arith -Wshadow -Wuninitialized -Wno-comment -Wimplicit-fallthrough=3 -Wno-strict-overflow -fdiagnostics-show-option -Wno-long-long -pthread -fomit-frame-pointer -ffunction-sections -fdata-sections  -msse3 -fvisibility=hidden -DCHECK_FUNCTION_EXISTS=sgemm_ -O3 -DNDEBUG  -DNDEBUG   -Wl,--gc-sections -Wl,--as-needed -Wl,--no-undefined  CMakeFiles/cmTC_90ddd.dir/CheckFunctionExists.c.o -o cmTC_90ddd 
/usr/bin/ld: CMakeFiles/cmTC_90ddd.dir/CheckFunctionExists.c.o: in function `main':
CheckFunctionExists.c:(.text.startup.main+0x10): undefined reference to `sgemm_'
collect2: error: ld returned 1 exit status
make[1]: *** [CMakeFiles/cmTC_90ddd.dir/build.make:99: cmTC_90ddd] Error 1
make[1]: Leaving directory '/home/divan/stereo_lidar_recorder/include/build/CMakeFiles/CMakeScratch/TryCompile-gQlKZp'
make: *** [Makefile:127: cmTC_90ddd/fast] Error 2



Determining if the function cheev_ exists failed with the following output:
Change Dir: /home/divan/stereo_lidar_recorder/include/build/CMakeFiles/CMakeScratch/TryCompile-5o59Tq

Run Build Command(s):/usr/bin/make -f Makefile cmTC_2cb90/fast && /usr/bin/make  -f CMakeFiles/cmTC_2cb90.dir/build.make CMakeFiles/cmTC_2cb90.dir/build
make[1]: Entering directory '/home/divan/stereo_lidar_recorder/include/build/CMakeFiles/CMakeScratch/TryCompile-5o59Tq'
Building C object CMakeFiles/cmTC_2cb90.dir/CheckFunctionExists.c.o
/usr/bin/cc   -fsigned-char -W -Wall -Wreturn-type -Waddress -Wsequence-point -Wformat -Wformat-security -Wmissing-declarations -Wmissing-prototypes -Wstrict-prototypes -Wundef -Winit-self -Wpointer-arith -Wshadow -Wuninitialized -Wno-comment -Wimplicit-fallthrough=3 -Wno-strict-overflow -fdiagnostics-show-option -Wno-long-long -pthread -fomit-frame-pointer -ffunction-sections -fdata-sections  -msse3 -fvisibility=hidden -DCHECK_FUNCTION_EXISTS=cheev_ -O3 -DNDEBUG  -DNDEBUG -fPIE -o CMakeFiles/cmTC_2cb90.dir/CheckFunctionExists.c.o -c /home/divan/stereo_lidar_recorder/include/build/CMakeFiles/CMakeScratch/TryCompile-5o59Tq/CheckFunctionExists.c
Linking C executable cmTC_2cb90
/usr/bin/cmake -E cmake_link_script CMakeFiles/cmTC_2cb90.dir/link.txt --verbose=1
/usr/bin/cc    -fsigned-char -W -Wall -Wreturn-type -Waddress -Wsequence-point -Wformat -Wformat-security -Wmissing-declarations -Wmissing-prototypes -Wstrict-prototypes -Wundef -Winit-self -Wpointer-arith -Wshadow -Wuninitialized -Wno-comment -Wimplicit-fallthrough=3 -Wno-strict-overflow -fdiagnostics-show-option -Wno-long-long -pthread -fomit-frame-pointer -ffunction-sections -fdata-sections  -msse3 -fvisibility=hidden -DCHECK_FUNCTION_EXISTS=cheev_ -O3 -DNDEBUG  -DNDEBUG   -Wl,--gc-sections -Wl,--as-needed -Wl,--no-undefined  CMakeFiles/cmTC_2cb90.dir/CheckFunctionExists.c.o -o cmTC_2cb90  /usr/lib/x86_64-linux-gnu/libblas.so -lm -ldl 
/usr/bin/ld: CMakeFiles/cmTC_2cb90.dir/CheckFunctionExists.c.o: in function `main':
CheckFunctionExists.c:(.text.startup.main+0x10): undefined reference to `cheev_'
collect2: error: ld returned 1 exit status
make[1]: *** [CMakeFiles/cmTC_2cb90.dir/build.make:100: cmTC_2cb90] Error 1
make[1]: Leaving directory '/home/divan/stereo_lidar_recorder/include/build/CMakeFiles/CMakeScratch/TryCompile-5o59Tq'
make: *** [Makefile:127: cmTC_2cb90/fast] Error 2



Build output check failed:
    Regex: 'command[- ]line option .* is valid for .* but not for C\+\+'
    Output line: 'cc1plus: warning: command line option ‘-Wno-missing-prototypes’ is valid for C/ObjC but not for C++'
Compilation failed:
    source file: '/home/divan/stereo_lidar_recorder/include/build/CMakeFiles/CMakeTmp/src.cxx'
    check option: ' -Wno-missing-prototypes'
===== BUILD LOG =====
Change Dir: /home/divan/stereo_lidar_recorder/include/build/CMakeFiles/CMakeTmp

Run Build Command(s):/usr/bin/make -f Makefile cmTC_b0f66/fast && /usr/bin/make  -f CMakeFiles/cmTC_b0f66.dir/build.make CMakeFiles/cmTC_b0f66.dir/build
make[1]: Entering directory '/home/divan/stereo_lidar_recorder/include/build/CMakeFiles/CMakeTmp'
Building CXX object CMakeFiles/cmTC_b0f66.dir/src.cxx.o
/usr/bin/c++   -fsigned-char -W -Wall -Wreturn-type -Wnon-virtual-dtor -Waddress -Wsequence-point -Wformat -Wformat-security -Wmissing-declarations -Wundef -Winit-self -Wpointer-arith -Wshadow -Wsign-promo -Wuninitialized -Wsuggest-override -Wno-delete-non-virtual-dtor -Wno-comment -Wimplicit-fallthrough=3 -Wno-strict-overflow -fdiagnostics-show-option -Wno-long-long -pthread -fomit-frame-pointer -ffunction-sections -fdata-sections  -msse3 -fvisibility=hidden -fvisibility-inlines-hidden -Wno-deprecated  -O3 -DNDEBUG  -DNDEBUG -fPIE    -Wno-missing-prototypes -std=c++11 -o CMakeFiles/cmTC_b0f66.dir/src.cxx.o -c /home/divan/stereo_lidar_recorder/include/build/CMakeFiles/CMakeTmp/src.cxx
cc1plus: warning: command line option ‘-Wno-missing-prototypes’ is valid for C/ObjC but not for C++
/home/divan/stereo_lidar_recorder/include/build/CMakeFiles/CMakeTmp/src.cxx:1: warning: ignoring #pragma   [-Wunknown-pragmas]
    1 | #pragma
      | 
Linking CXX executable cmTC_b0f66
/usr/bin/cmake -E cmake_link_script CMakeFiles/cmTC_b0f66.dir/link.txt --verbose=1
/usr/bin/c++    -fsigned-char -W -Wall -Wreturn-type -Wnon-virtual-dtor -Waddress -Wsequence-point -Wformat -Wformat-security -Wmissing-declarations -Wundef -Winit-self -Wpointer-arith -Wshadow -Wsign-promo -Wuninitialized -Wsuggest-override -Wno-delete-non-virtual-dtor -Wno-comment -Wimplicit-fallthrough=3 -Wno-strict-overflow -fdiagnostics-show-option -Wno-long-long -pthread -fomit-frame-pointer -ffunction-sections -fdata-sections  -msse3 -fvisibility=hidden -fvisibility-inlines-hidden -Wno-deprecated  -O3 -DNDEBUG  -DNDEBUG   -Wl,--gc-sections -Wl,--as-needed -Wl,--no-undefined  CMakeFiles/cmTC_b0f66.dir/src.cxx.o -o cmTC_b0f66 
make[1]: Leaving directory '/home/divan/stereo_lidar_recorder/include/build/CMakeFiles/CMakeTmp'


===== END =====

Build output check failed:
    Regex: 'unrecognized .*option'
    Output line: 'cc1plus: warning: unrecognized command line option ‘-Wno-tautological-undefined-compare’'
Compilation failed:
    source file: '/home/divan/stereo_lidar_recorder/include/build/CMakeFiles/CMakeTmp/src.cxx'
    check option: ' -Wno-tautological-undefined-compare'
===== BUILD LOG =====
Change Dir: /home/divan/stereo_lidar_recorder/include/build/CMakeFiles/CMakeTmp

Run Build Command(s):/usr/bin/make -f Makefile cmTC_0041a/fast && /usr/bin/make  -f CMakeFiles/cmTC_0041a.dir/build.make CMakeFiles/cmTC_0041a.dir/build
make[1]: Entering directory '/home/divan/stereo_lidar_recorder/include/build/CMakeFiles/CMakeTmp'
Building CXX object CMakeFiles/cmTC_0041a.dir/src.cxx.o
/usr/bin/c++   -fsigned-char -W -Wall -Wreturn-type -Wnon-virtual-dtor -Waddress -Wsequence-point -Wformat -Wformat-security -Winit-self -Wpointer-arith -Wuninitialized -Wsuggest-override -Wno-delete-non-virtual-dtor -Wno-comment -Wimplicit-fallthrough=3 -Wno-strict-overflow -fdiagnostics-show-option -Wno-long-long -pthread -fomit-frame-pointer -ffunction-sections -fdata-sections  -msse3 -fvisibility=hidden -fvisibility-inlines-hidden -Wno-deprecated -Wno-missing-declarations -Wno-shadow -Wno-unused-parameter -Wno-unused-local-typedefs -Wno-sign-compare -Wno-sign-promo -Wno-undef  -O3 -DNDEBUG  -DNDEBUG -fPIE    -Wno-tautological-undefined-compare -std=c++11 -o CMakeFiles/cmTC_0041a.dir/src.cxx.o -c /home/divan/stereo_lidar_recorder/include/build/CMakeFiles/CMakeTmp/src.cxx
/home/divan/stereo_lidar_recorder/include/build/CMakeFiles/CMakeTmp/src.cxx:1: warning: ignoring #pragma   [-Wunknown-pragmas]
    1 | #pragma
      | 
cc1plus: warning: unrecognized command line option ‘-Wno-tautological-undefined-compare’
Linking CXX executable cmTC_0041a
/usr/bin/cmake -E cmake_link_script CMakeFiles/cmTC_0041a.dir/link.txt --verbose=1
/usr/bin/c++    -fsigned-char -W -Wall -Wreturn-type -Wnon-virtual-dtor -Waddress -Wsequence-point -Wformat -Wformat-security -Winit-self -Wpointer-arith -Wuninitialized -Wsuggest-override -Wno-delete-non-virtual-dtor -Wno-comment -Wimplicit-fallthrough=3 -Wno-strict-overflow -fdiagnostics-show-option -Wno-long-long -pthread -fomit-frame-pointer -ffunction-sections -fdata-sections  -msse3 -fvisibility=hidden -fvisibility-inlines-hidden -Wno-deprecated -Wno-missing-declarations -Wno-shadow -Wno-unused-parameter -Wno-unused-local-typedefs -Wno-sign-compare -Wno-sign-promo -Wno-undef  -O3 -DNDEBUG  -DNDEBUG   -Wl,--gc-sections -Wl,--as-needed -Wl,--no-undefined  CMakeFiles/cmTC_0041a.dir/src.cxx.o -o cmTC_0041a 
make[1]: Leaving directory '/home/divan/stereo_lidar_recorder/include/build/CMakeFiles/CMakeTmp'


===== END =====

Build output check failed:
    Regex: 'unrecognized .*option'
    Output line: 'cc1plus: warning: unrecognized command line option ‘-Wno-shorten-64-to-32’'
Compilation failed:
    source file: '/home/divan/stereo_lidar_recorder/include/build/CMakeFiles/CMakeTmp/src.cxx'
    check option: ' -Wno-shorten-64-to-32'
===== BUILD LOG =====
Change Dir: /home/divan/stereo_lidar_recorder/include/build/CMakeFiles/CMakeTmp

Run Build Command(s):/usr/bin/make -f Makefile cmTC_f1357/fast && /usr/bin/make  -f CMakeFiles/cmTC_f1357.dir/build.make CMakeFiles/cmTC_f1357.dir/build
make[1]: Entering directory '/home/divan/stereo_lidar_recorder/include/build/CMakeFiles/CMakeTmp'
Building CXX object CMakeFiles/cmTC_f1357.dir/src.cxx.o
/usr/bin/c++   -fsigned-char -W -Wall -Wreturn-type -Wnon-virtual-dtor -Waddress -Wsequence-point -Wformat -Wformat-security -Winit-self -Wpointer-arith -Wuninitialized -Wsuggest-override -Wno-delete-non-virtual-dtor -Wno-comment -Wimplicit-fallthrough=3 -Wno-strict-overflow -fdiagnostics-show-option -Wno-long-long -pthread -fomit-frame-pointer -ffunction-sections -fdata-sections  -msse3 -fvisibility=hidden -fvisibility-inlines-hidden -Wno-deprecated -Wno-missing-declarations -Wno-shadow -Wno-unused-parameter -Wno-unused-local-typedefs -Wno-sign-compare -Wno-sign-promo -Wno-undef -Wno-ignored-qualifiers -Wno-extra -Wno-unused-function -Wno-unused-const-variable  -O3 -DNDEBUG  -DNDEBUG -fPIE    -Wno-shorten-64-to-32 -std=c++11 -o CMakeFiles/cmTC_f1357.dir/src.cxx.o -c /home/divan/stereo_lidar_recorder/include/build/CMakeFiles/CMakeTmp/src.cxx
/home/divan/stereo_lidar_recorder/include/build/CMakeFiles/CMakeTmp/src.cxx:1: warning: ignoring #pragma   [-Wunknown-pragmas]
    1 | #pragma
      | 
cc1plus: warning: unrecognized command line option ‘-Wno-shorten-64-to-32’
Linking CXX executable cmTC_f1357
/usr/bin/cmake -E cmake_link_script CMakeFiles/cmTC_f1357.dir/link.txt --verbose=1
/usr/bin/c++    -fsigned-char -W -Wall -Wreturn-type -Wnon-virtual-dtor -Waddress -Wsequence-point -Wformat -Wformat-security -Winit-self -Wpointer-arith -Wuninitialized -Wsuggest-override -Wno-delete-non-virtual-dtor -Wno-comment -Wimplicit-fallthrough=3 -Wno-strict-overflow -fdiagnostics-show-option -Wno-long-long -pthread -fomit-frame-pointer -ffunction-sections -fdata-sections  -msse3 -fvisibility=hidden -fvisibility-inlines-hidden -Wno-deprecated -Wno-missing-declarations -Wno-shadow -Wno-unused-parameter -Wno-unused-local-typedefs -Wno-sign-compare -Wno-sign-promo -Wno-undef -Wno-ignored-qualifiers -Wno-extra -Wno-unused-function -Wno-unused-const-variable  -O3 -DNDEBUG  -DNDEBUG   -Wl,--gc-sections -Wl,--as-needed -Wl,--no-undefined  CMakeFiles/cmTC_f1357.dir/src.cxx.o -o cmTC_f1357 
make[1]: Leaving directory '/home/divan/stereo_lidar_recorder/include/build/CMakeFiles/CMakeTmp'


===== END =====

Build output check failed:
    Regex: 'unrecognized .*option'
    Output line: 'cc1plus: warning: unrecognized command line option ‘-Wno-enum-compare-switch’'
Compilation failed:
    source file: '/home/divan/stereo_lidar_recorder/include/build/CMakeFiles/CMakeTmp/src.cxx'
    check option: ' -Wno-enum-compare-switch'
===== BUILD LOG =====
Change Dir: /home/divan/stereo_lidar_recorder/include/build/CMakeFiles/CMakeTmp

Run Build Command(s):/usr/bin/make -f Makefile cmTC_62109/fast && /usr/bin/make  -f CMakeFiles/cmTC_62109.dir/build.make CMakeFiles/cmTC_62109.dir/build
make[1]: Entering directory '/home/divan/stereo_lidar_recorder/include/build/CMakeFiles/CMakeTmp'
Building CXX object CMakeFiles/cmTC_62109.dir/src.cxx.o
/usr/bin/c++   -fsigned-char -W -Wall -Wreturn-type -Wnon-virtual-dtor -Waddress -Wsequence-point -Wformat -Wformat-security -Winit-self -Wpointer-arith -Wuninitialized -Wsuggest-override -Wno-delete-non-virtual-dtor -Wno-comment -Wimplicit-fallthrough=3 -Wno-strict-overflow -fdiagnostics-show-option -Wno-long-long -pthread -fomit-frame-pointer -ffunction-sections -fdata-sections  -msse3 -fvisibility=hidden -fvisibility-inlines-hidden -Wno-deprecated -Wno-missing-declarations -Wno-shadow -Wno-unused-parameter -Wno-unused-local-typedefs -Wno-sign-compare -Wno-sign-promo -Wno-undef -Wno-ignored-qualifiers -Wno-extra -Wno-unused-function -Wno-unused-const-variable -Wno-invalid-offsetof  -O3 -DNDEBUG  -DNDEBUG -fPIE    -Wno-enum-compare-switch -std=c++11 -o CMakeFiles/cmTC_62109.dir/src.cxx.o -c /home/divan/stereo_lidar_recorder/include/build/CMakeFiles/CMakeTmp/src.cxx
/home/divan/stereo_lidar_recorder/include/build/CMakeFiles/CMakeTmp/src.cxx:1: warning: ignoring #pragma   [-Wunknown-pragmas]
    1 | #pragma
      | 
cc1plus: warning: unrecognized command line option ‘-Wno-enum-compare-switch’
Linking CXX executable cmTC_62109
/usr/bin/cmake -E cmake_link_script CMakeFiles/cmTC_62109.dir/link.txt --verbose=1
/usr/bin/c++    -fsigned-char -W -Wall -Wreturn-type -Wnon-virtual-dtor -Waddress -Wsequence-point -Wformat -Wformat-security -Winit-self -Wpointer-arith -Wuninitialized -Wsuggest-override -Wno-delete-non-virtual-dtor -Wno-comment -Wimplicit-fallthrough=3 -Wno-strict-overflow -fdiagnostics-show-option -Wno-long-long -pthread -fomit-frame-pointer -ffunction-sections -fdata-sections  -msse3 -fvisibility=hidden -fvisibility-inlines-hidden -Wno-deprecated -Wno-missing-declarations -Wno-shadow -Wno-unused-parameter -Wno-unused-local-typedefs -Wno-sign-compare -Wno-sign-promo -Wno-undef -Wno-ignored-qualifiers -Wno-extra -Wno-unused-function -Wno-unused-const-variable -Wno-invalid-offsetof  -O3 -DNDEBUG  -DNDEBUG   -Wl,--gc-sections -Wl,--as-needed -Wl,--no-undefined  CMakeFiles/cmTC_62109.dir/src.cxx.o -o cmTC_62109 
make[1]: Leaving directory '/home/divan/stereo_lidar_recorder/include/build/CMakeFiles/CMakeTmp'


===== END =====

Build output check failed:
    Regex: 'unrecognized .*option'
    Output line: 'cc1plus: warning: unrecognized command line option ‘-Wno-inconsistent-missing-override’'
Compilation failed:
    source file: '/home/divan/stereo_lidar_recorder/include/build/CMakeFiles/CMakeTmp/src.cxx'
    check option: ' -Wno-inconsistent-missing-override'
===== BUILD LOG =====
Change Dir: /home/divan/stereo_lidar_recorder/include/build/CMakeFiles/CMakeTmp

Run Build Command(s):/usr/bin/make -f Makefile cmTC_1641e/fast && /usr/bin/make  -f CMakeFiles/cmTC_1641e.dir/build.make CMakeFiles/cmTC_1641e.dir/build
make[1]: Entering directory '/home/divan/stereo_lidar_recorder/include/build/CMakeFiles/CMakeTmp'
Building CXX object CMakeFiles/cmTC_1641e.dir/src.cxx.o
/usr/bin/c++   -fsigned-char -W -Wall -Wreturn-type -Wnon-virtual-dtor -Waddress -Wsequence-point -Wformat -Wformat-security -Winit-self -Wpointer-arith -Wuninitialized -Wno-delete-non-virtual-dtor -Wno-comment -Wimplicit-fallthrough=3 -Wno-strict-overflow -fdiagnostics-show-option -Wno-long-long -pthread -fomit-frame-pointer -ffunction-sections -fdata-sections  -msse3 -fvisibility=hidden -fvisibility-inlines-hidden -Wno-deprecated -Wno-missing-declarations -Wno-shadow -Wno-unused-parameter -Wno-unused-local-typedefs -Wno-sign-compare -Wno-sign-promo -Wno-undef -Wno-ignored-qualifiers -Wno-extra -Wno-unused-function -Wno-unused-const-variable -Wno-invalid-offsetof -Wno-suggest-override  -O3 -DNDEBUG  -DNDEBUG -fPIE    -Wno-inconsistent-missing-override -std=c++11 -o CMakeFiles/cmTC_1641e.dir/src.cxx.o -c /home/divan/stereo_lidar_recorder/include/build/CMakeFiles/CMakeTmp/src.cxx
/home/divan/stereo_lidar_recorder/include/build/CMakeFiles/CMakeTmp/src.cxx:1: warning: ignoring #pragma   [-Wunknown-pragmas]
    1 | #pragma
      | 
cc1plus: warning: unrecognized command line option ‘-Wno-inconsistent-missing-override’
Linking CXX executable cmTC_1641e
/usr/bin/cmake -E cmake_link_script CMakeFiles/cmTC_1641e.dir/link.txt --verbose=1
/usr/bin/c++    -fsigned-char -W -Wall -Wreturn-type -Wnon-virtual-dtor -Waddress -Wsequence-point -Wformat -Wformat-security -Winit-self -Wpointer-arith -Wuninitialized -Wno-delete-non-virtual-dtor -Wno-comment -Wimplicit-fallthrough=3 -Wno-strict-overflow -fdiagnostics-show-option -Wno-long-long -pthread -fomit-frame-pointer -ffunction-sections -fdata-sections  -msse3 -fvisibility=hidden -fvisibility-inlines-hidden -Wno-deprecated -Wno-missing-declarations -Wno-shadow -Wno-unused-parameter -Wno-unused-local-typedefs -Wno-sign-compare -Wno-sign-promo -Wno-undef -Wno-ignored-qualifiers -Wno-extra -Wno-unused-function -Wno-unused-const-variable -Wno-invalid-offsetof -Wno-suggest-override  -O3 -DNDEBUG  -DNDEBUG   -Wl,--gc-sections -Wl,--as-needed -Wl,--no-undefined  CMakeFiles/cmTC_1641e.dir/src.cxx.o -o cmTC_1641e 
make[1]: Leaving directory '/home/divan/stereo_lidar_recorder/include/build/CMakeFiles/CMakeTmp'


===== END =====

Build output check failed:
    Regex: 'unrecognized .*option'
    Output line: 'cc1plus: warning: unrecognized command line option ‘-Wno-stringop-overread’'
Compilation failed:
    source file: '/home/divan/stereo_lidar_recorder/include/build/CMakeFiles/CMakeTmp/src.cxx'
    check option: ' -Wno-stringop-overread'
===== BUILD LOG =====
Change Dir: /home/divan/stereo_lidar_recorder/include/build/CMakeFiles/CMakeTmp

Run Build Command(s):/usr/bin/make -f Makefile cmTC_fb0bc/fast && /usr/bin/make  -f CMakeFiles/cmTC_fb0bc.dir/build.make CMakeFiles/cmTC_fb0bc.dir/build
make[1]: Entering directory '/home/divan/stereo_lidar_recorder/include/build/CMakeFiles/CMakeTmp'
Building CXX object CMakeFiles/cmTC_fb0bc.dir/src.cxx.o
/usr/bin/c++   -fsigned-char -W -Wall -Wreturn-type -Wnon-virtual-dtor -Waddress -Wsequence-point -Wformat -Wformat-security -Winit-self -Wpointer-arith -Wuninitialized -Wno-delete-non-virtual-dtor -Wno-comment -Wno-strict-overflow -fdiagnostics-show-option -Wno-long-long -pthread -fomit-frame-pointer -ffunction-sections -fdata-sections  -msse3 -fvisibility=hidden -fvisibility-inlines-hidden -Wno-deprecated -Wno-missing-declarations -Wno-shadow -Wno-unused-parameter -Wno-unused-local-typedefs -Wno-sign-compare -Wno-sign-promo -Wno-undef -Wno-ignored-qualifiers -Wno-extra -Wno-unused-function -Wno-unused-const-variable -Wno-invalid-offsetof -Wno-suggest-override -Wno-implicit-fallthrough -Wno-array-bounds -Wno-stringop-overflow  -O3 -DNDEBUG  -DNDEBUG -fPIE    -Wno-stringop-overread -std=c++11 -o CMakeFiles/cmTC_fb0bc.dir/src.cxx.o -c /home/divan/stereo_lidar_recorder/include/build/CMakeFiles/CMakeTmp/src.cxx
/home/divan/stereo_lidar_recorder/include/build/CMakeFiles/CMakeTmp/src.cxx:1: warning: ignoring #pragma   [-Wunknown-pragmas]
    1 | #pragma
      | 
cc1plus: warning: unrecognized command line option ‘-Wno-stringop-overread’
Linking CXX executable cmTC_fb0bc
/usr/bin/cmake -E cmake_link_script CMakeFiles/cmTC_fb0bc.dir/link.txt --verbose=1
/usr/bin/c++    -fsigned-char -W -Wall -Wreturn-type -Wnon-virtual-dtor -Waddress -Wsequence-point -Wformat -Wformat-security -Winit-self -Wpointer-arith -Wuninitialized -Wno-delete-non-virtual-dtor -Wno-comment -Wno-strict-overflow -fdiagnostics-show-option -Wno-long-long -pthread -fomit-frame-pointer -ffunction-sections -fdata-sections  -msse3 -fvisibility=hidden -fvisibility-inlines-hidden -Wno-deprecated -Wno-missing-declarations -Wno-shadow -Wno-unused-parameter -Wno-unused-local-typedefs -Wno-sign-compare -Wno-sign-promo -Wno-undef -Wno-ignored-qualifiers -Wno-extra -Wno-unused-function -Wno-unused-const-variable -Wno-invalid-offsetof -Wno-suggest-override -Wno-implicit-fallthrough -Wno-array-bounds -Wno-stringop-overflow  -O3 -DNDEBUG  -DNDEBUG   -Wl,--gc-sections -Wl,--as-needed -Wl,--no-undefined  CMakeFiles/cmTC_fb0bc.dir/src.cxx.o -o cmTC_fb0bc 
make[1]: Leaving directory '/home/divan/stereo_lidar_recorder/include/build/CMakeFiles/CMakeTmp'


===== END =====

Build output check failed:
    Regex: 'unrecognized .*option'
    Output line: 'cc1plus: warning: unrecognized command line option ‘-Wno-comma’'
Compilation failed:
    source file: '/home/divan/stereo_lidar_recorder/include/build/CMakeFiles/CMakeTmp/src.cxx'
    check option: ' -Wno-comma'
===== BUILD LOG =====
Change Dir: /home/divan/stereo_lidar_recorder/include/build/CMakeFiles/CMakeTmp

Run Build Command(s):/usr/bin/make -f Makefile cmTC_3e89e/fast && /usr/bin/make  -f CMakeFiles/cmTC_3e89e.dir/build.make CMakeFiles/cmTC_3e89e.dir/build
make[1]: Entering directory '/home/divan/stereo_lidar_recorder/include/build/CMakeFiles/CMakeTmp'
Building CXX object CMakeFiles/cmTC_3e89e.dir/src.cxx.o
/usr/bin/c++   -fsigned-char -W -Wall -Wreturn-type -Wnon-virtual-dtor -Waddress -Wsequence-point -Wformat -Wformat-security -Winit-self -Wpointer-arith -Wuninitialized -Wno-delete-non-virtual-dtor -Wno-comment -Wno-strict-overflow -fdiagnostics-show-option -Wno-long-long -pthread -fomit-frame-pointer -ffunction-sections -fdata-sections  -msse3 -fvisibility=hidden -fvisibility-inlines-hidden -Wno-deprecated -Wno-missing-declarations -Wno-shadow -Wno-unused-parameter -Wno-unused-local-typedefs -Wno-sign-compare -Wno-sign-promo -Wno-undef -Wno-ignored-qualifiers -Wno-extra -Wno-unused-function -Wno-unused-const-variable -Wno-invalid-offsetof -Wno-suggest-override -Wno-implicit-fallthrough -Wno-array-bounds -Wno-stringop-overflow -Wno-extra-semi  -O3 -DNDEBUG  -DNDEBUG -fPIE    -Wno-comma -std=c++11 -o CMakeFiles/cmTC_3e89e.dir/src.cxx.o -c /home/divan/stereo_lidar_recorder/include/build/CMakeFiles/CMakeTmp/src.cxx
/home/divan/stereo_lidar_recorder/include/build/CMakeFiles/CMakeTmp/src.cxx:1: warning: ignoring #pragma   [-Wunknown-pragmas]
    1 | #pragma
      | 
cc1plus: warning: unrecognized command line option ‘-Wno-comma’
Linking CXX executable cmTC_3e89e
/usr/bin/cmake -E cmake_link_script CMakeFiles/cmTC_3e89e.dir/link.txt --verbose=1
/usr/bin/c++    -fsigned-char -W -Wall -Wreturn-type -Wnon-virtual-dtor -Waddress -Wsequence-point -Wformat -Wformat-security -Winit-self -Wpointer-arith -Wuninitialized -Wno-delete-non-virtual-dtor -Wno-comment -Wno-strict-overflow -fdiagnostics-show-option -Wno-long-long -pthread -fomit-frame-pointer -ffunction-sections -fdata-sections  -msse3 -fvisibility=hidden -fvisibility-inlines-hidden -Wno-deprecated -Wno-missing-declarations -Wno-shadow -Wno-unused-parameter -Wno-unused-local-typedefs -Wno-sign-compare -Wno-sign-promo -Wno-undef -Wno-ignored-qualifiers -Wno-extra -Wno-unused-function -Wno-unused-const-variable -Wno-invalid-offsetof -Wno-suggest-override -Wno-implicit-fallthrough -Wno-array-bounds -Wno-stringop-overflow -Wno-extra-semi  -O3 -DNDEBUG  -DNDEBUG   -Wl,--gc-sections -Wl,--as-needed -Wl,--no-undefined  CMakeFiles/cmTC_3e89e.dir/src.cxx.o -o cmTC_3e89e 
make[1]: Leaving directory '/home/divan/stereo_lidar_recorder/include/build/CMakeFiles/CMakeTmp'


===== END =====

Performing C SOURCE FILE Test JNI_INCLUDE_PATH2_OPTIONAL failed with the following output:
Change Dir: /home/divan/stereo_lidar_recorder/include/build/CMakeFiles/CMakeScratch/TryCompile-rhS5ko

Run Build Command(s):/usr/bin/make -f Makefile cmTC_93423/fast && /usr/bin/make  -f CMakeFiles/cmTC_93423.dir/build.make CMakeFiles/cmTC_93423.dir/build
make[1]: Entering directory '/home/divan/stereo_lidar_recorder/include/build/CMakeFiles/CMakeScratch/TryCompile-rhS5ko'
Building C object CMakeFiles/cmTC_93423.dir/src.c.o
/usr/bin/cc -DJNI_INCLUDE_PATH2_OPTIONAL -I/usr/lib/jvm/java-17-openjdk-amd64/include -fsigned-char -W -Wall -Wreturn-type -Waddress -Wsequence-point -Wformat -Wformat-security -Wmissing-declarations -Wmissing-prototypes -Wstrict-prototypes -Wundef -Winit-self -Wpointer-arith -Wshadow -Wuninitialized -Wno-comment -Wimplicit-fallthrough=3 -Wno-strict-overflow -fdiagnostics-show-option -Wno-long-long -pthread -fomit-frame-pointer -ffunction-sections -fdata-sections  -msse3 -fvisibility=hidden  -O3 -DNDEBUG  -DNDEBUG -fPIE -o CMakeFiles/cmTC_93423.dir/src.c.o -c /home/divan/stereo_lidar_recorder/include/build/CMakeFiles/CMakeScratch/TryCompile-rhS5ko/src.c
In file included from /home/divan/stereo_lidar_recorder/include/build/CMakeFiles/CMakeScratch/TryCompile-rhS5ko/src.c:2:
/usr/lib/jvm/java-17-openjdk-amd64/include/jni.h:45:10: fatal error: jni_md.h: No such file or directory
   45 | #include "jni_md.h"
      |          ^~~~~~~~~~
compilation terminated.
make[1]: *** [CMakeFiles/cmTC_93423.dir/build.make:78: CMakeFiles/cmTC_93423.dir/src.c.o] Error 1
make[1]: Leaving directory '/home/divan/stereo_lidar_recorder/include/build/CMakeFiles/CMakeScratch/TryCompile-rhS5ko'
make: *** [Makefile:127: cmTC_93423/fast] Error 2


Source file was:

#include <jni.h>
int main(void) { return 0; }


Determining if the include file sys/videoio.h exists failed with the following output:
Change Dir: /home/divan/stereo_lidar_recorder/include/build/CMakeFiles/CMakeScratch/TryCompile-f5jEKq

Run Build Command(s):/usr/bin/make -f Makefile cmTC_ba77d/fast && /usr/bin/make  -f CMakeFiles/cmTC_ba77d.dir/build.make CMakeFiles/cmTC_ba77d.dir/build
make[1]: Entering directory '/home/divan/stereo_lidar_recorder/include/build/CMakeFiles/CMakeScratch/TryCompile-f5jEKq'
Building C object CMakeFiles/cmTC_ba77d.dir/CheckIncludeFile.c.o
/usr/bin/cc   -fsigned-char -W -Wall -Wreturn-type -Waddress -Wsequence-point -Wformat -Wformat-security -Wmissing-declarations -Wmissing-prototypes -Wstrict-prototypes -Wundef -Winit-self -Wpointer-arith -Wshadow -Wuninitialized -Wno-comment -Wimplicit-fallthrough=3 -Wno-strict-overflow -fdiagnostics-show-option -Wno-long-long -pthread -fomit-frame-pointer -ffunction-sections -fdata-sections  -msse3 -fvisibility=hidden  -O3 -DNDEBUG  -DNDEBUG -fPIE -o CMakeFiles/cmTC_ba77d.dir/CheckIncludeFile.c.o -c /home/divan/stereo_lidar_recorder/include/build/CMakeFiles/CMakeScratch/TryCompile-f5jEKq/CheckIncludeFile.c
/home/divan/stereo_lidar_recorder/include/build/CMakeFiles/CMakeScratch/TryCompile-f5jEKq/CheckIncludeFile.c:1:10: fatal error: sys/videoio.h: No such file or directory
    1 | #include <sys/videoio.h>
      |          ^~~~~~~~~~~~~~~
compilation terminated.
make[1]: *** [CMakeFiles/cmTC_ba77d.dir/build.make:78: CMakeFiles/cmTC_ba77d.dir/CheckIncludeFile.c.o] Error 1
make[1]: Leaving directory '/home/divan/stereo_lidar_recorder/include/build/CMakeFiles/CMakeScratch/TryCompile-f5jEKq'
make: *** [Makefile:127: cmTC_ba77d/fast] Error 2



Build output check failed:
    Regex: 'unrecognized .*option'
    Output line: 'cc1plus: warning: unrecognized command line option ‘-Wno-unused-private-field’'
Compilation failed:
    source file: '/home/divan/stereo_lidar_recorder/include/build/CMakeFiles/CMakeTmp/src.cxx'
    check option: ' -Wno-unused-private-field'
===== BUILD LOG =====
Change Dir: /home/divan/stereo_lidar_recorder/include/build/CMakeFiles/CMakeTmp

Run Build Command(s):/usr/bin/make -f Makefile cmTC_3de13/fast && /usr/bin/make  -f CMakeFiles/cmTC_3de13.dir/build.make CMakeFiles/cmTC_3de13.dir/build
make[1]: Entering directory '/home/divan/stereo_lidar_recorder/include/build/CMakeFiles/CMakeTmp'
Building CXX object CMakeFiles/cmTC_3de13.dir/src.cxx.o
/usr/bin/c++   -fsigned-char -W -Wall -Wreturn-type -Wnon-virtual-dtor -Waddress -Wsequence-point -Wformat -Wformat-security -Wmissing-declarations -Wundef -Winit-self -Wpointer-arith -Wshadow -Wsign-promo -Wuninitialized -Wsuggest-override -Wno-delete-non-virtual-dtor -Wno-comment -Wimplicit-fallthrough=3 -Wno-strict-overflow -fdiagnostics-show-option -Wno-long-long -pthread -fomit-frame-pointer -ffunction-sections -fdata-sections  -msse3 -fvisibility=hidden -fvisibility-inlines-hidden -Wno-unused-function -Wno-deprecated-declarations -Wno-overloaded-virtual  -O3 -DNDEBUG  -DNDEBUG -fPIE    -Wno-unused-private-field -std=c++11 -o CMakeFiles/cmTC_3de13.dir/src.cxx.o -c /home/divan/stereo_lidar_recorder/include/build/CMakeFiles/CMakeTmp/src.cxx
/home/divan/stereo_lidar_recorder/include/build/CMakeFiles/CMakeTmp/src.cxx:1: warning: ignoring #pragma   [-Wunknown-pragmas]
    1 | #pragma
      | 
cc1plus: warning: unrecognized command line option ‘-Wno-unused-private-field’
Linking CXX executable cmTC_3de13
/usr/bin/cmake -E cmake_link_script CMakeFiles/cmTC_3de13.dir/link.txt --verbose=1
/usr/bin/c++    -fsigned-char -W -Wall -Wreturn-type -Wnon-virtual-dtor -Waddress -Wsequence-point -Wformat -Wformat-security -Wmissing-declarations -Wundef -Winit-self -Wpointer-arith -Wshadow -Wsign-promo -Wuninitialized -Wsuggest-override -Wno-delete-non-virtual-dtor -Wno-comment -Wimplicit-fallthrough=3 -Wno-strict-overflow -fdiagnostics-show-option -Wno-long-long -pthread -fomit-frame-pointer -ffunction-sections -fdata-sections  -msse3 -fvisibility=hidden -fvisibility-inlines-hidden -Wno-unused-function -Wno-deprecated-declarations -Wno-overloaded-virtual  -O3 -DNDEBUG  -DNDEBUG   -Wl,--gc-sections -Wl,--as-needed -Wl,--no-undefined  CMakeFiles/cmTC_3de13.dir/src.cxx.o -o cmTC_3de13 
make[1]: Leaving directory '/home/divan/stereo_lidar_recorder/include/build/CMakeFiles/CMakeTmp'


===== END =====

